{"C:\\Users\\nikil\\Desktop\\noon_full_stack_assignment\\backend-node-expressJS\\index.js": {"path":"C:\\Users\\nikil\\Desktop\\noon_full_stack_assignment\\backend-node-expressJS\\index.js","statementMap":{"0":{"start":{"line":1,"column":16},"end":{"line":1,"column":34}},"1":{"start":{"line":2,"column":13},"end":{"line":2,"column":28}},"2":{"start":{"line":3,"column":12},"end":{"line":3,"column":21}},"3":{"start":{"line":4,"column":13},"end":{"line":4,"column":17}},"4":{"start":{"line":7,"column":0},"end":{"line":7,"column":16}},"5":{"start":{"line":10,"column":0},"end":{"line":10,"column":24}},"6":{"start":{"line":14,"column":17},"end":{"line":141,"column":1}},"7":{"start":{"line":148,"column":0},"end":{"line":150,"column":3}},"8":{"start":{"line":149,"column":4},"end":{"line":149,"column":22}},"9":{"start":{"line":157,"column":0},"end":{"line":159,"column":3}},"10":{"start":{"line":158,"column":4},"end":{"line":158,"column":49}},"11":{"start":{"line":158,"column":37},"end":{"line":158,"column":47}},"12":{"start":{"line":166,"column":0},"end":{"line":173,"column":3}},"13":{"start":{"line":167,"column":4},"end":{"line":171,"column":6}},"14":{"start":{"line":168,"column":8},"end":{"line":170,"column":9}},"15":{"start":{"line":169,"column":12},"end":{"line":169,"column":30}},"16":{"start":{"line":172,"column":4},"end":{"line":172,"column":22}},"17":{"start":{"line":179,"column":0},"end":{"line":186,"column":3}},"18":{"start":{"line":180,"column":4},"end":{"line":184,"column":6}},"19":{"start":{"line":181,"column":8},"end":{"line":183,"column":9}},"20":{"start":{"line":182,"column":12},"end":{"line":182,"column":31}},"21":{"start":{"line":185,"column":4},"end":{"line":185,"column":49}},"22":{"start":{"line":185,"column":37},"end":{"line":185,"column":47}},"23":{"start":{"line":190,"column":0},"end":{"line":192,"column":3}},"24":{"start":{"line":191,"column":4},"end":{"line":191,"column":64}},"25":{"start":{"line":194,"column":0},"end":{"line":194,"column":20}}},"fnMap":{"0":{"name":"(anonymous_0)","decl":{"start":{"line":148,"column":13},"end":{"line":148,"column":14}},"loc":{"start":{"line":148,"column":27},"end":{"line":150,"column":1}},"line":148},"1":{"name":"(anonymous_1)","decl":{"start":{"line":157,"column":17},"end":{"line":157,"column":18}},"loc":{"start":{"line":157,"column":31},"end":{"line":159,"column":1}},"line":157},"2":{"name":"(anonymous_2)","decl":{"start":{"line":158,"column":29},"end":{"line":158,"column":30}},"loc":{"start":{"line":158,"column":37},"end":{"line":158,"column":47}},"line":158},"3":{"name":"(anonymous_3)","decl":{"start":{"line":166,"column":14},"end":{"line":166,"column":15}},"loc":{"start":{"line":166,"column":28},"end":{"line":173,"column":1}},"line":166},"4":{"name":"(anonymous_4)","decl":{"start":{"line":167,"column":21},"end":{"line":167,"column":22}},"loc":{"start":{"line":167,"column":29},"end":{"line":171,"column":5}},"line":167},"5":{"name":"(anonymous_5)","decl":{"start":{"line":179,"column":20},"end":{"line":179,"column":21}},"loc":{"start":{"line":179,"column":34},"end":{"line":186,"column":1}},"line":179},"6":{"name":"(anonymous_6)","decl":{"start":{"line":180,"column":21},"end":{"line":180,"column":22}},"loc":{"start":{"line":180,"column":29},"end":{"line":184,"column":5}},"line":180},"7":{"name":"(anonymous_7)","decl":{"start":{"line":185,"column":29},"end":{"line":185,"column":30}},"loc":{"start":{"line":185,"column":37},"end":{"line":185,"column":47}},"line":185},"8":{"name":"(anonymous_8)","decl":{"start":{"line":190,"column":17},"end":{"line":190,"column":18}},"loc":{"start":{"line":190,"column":23},"end":{"line":192,"column":1}},"line":190}},"branchMap":{"0":{"loc":{"start":{"line":168,"column":8},"end":{"line":170,"column":9}},"type":"if","locations":[{"start":{"line":168,"column":8},"end":{"line":170,"column":9}},{"start":{"line":168,"column":8},"end":{"line":170,"column":9}}],"line":168},"1":{"loc":{"start":{"line":181,"column":8},"end":{"line":183,"column":9}},"type":"if","locations":[{"start":{"line":181,"column":8},"end":{"line":183,"column":9}},{"start":{"line":181,"column":8},"end":{"line":183,"column":9}}],"line":181}},"s":{"0":1,"1":1,"2":1,"3":1,"4":1,"5":1,"6":1,"7":1,"8":1,"9":1,"10":1,"11":21,"12":1,"13":1,"14":21,"15":1,"16":1,"17":1,"18":1,"19":21,"20":1,"21":1,"22":21,"23":1,"24":1,"25":1},"f":{"0":1,"1":1,"2":21,"3":1,"4":21,"5":1,"6":21,"7":21,"8":1},"b":{"0":[1,20],"1":[1,20]},"_coverageSchema":"1a1c01bbd47fc00a2c39e90264f33305004495a9","hash":"313370a78818e0a52a7f1a77ed0c6e9e06f629c6"}
}
