TN:
SF:index.js
FN:148,(anonymous_0)
FN:157,(anonymous_1)
FN:158,(anonymous_2)
FN:166,(anonymous_3)
FN:167,(anonymous_4)
FN:179,(anonymous_5)
FN:180,(anonymous_6)
FN:185,(anonymous_7)
FN:190,(anonymous_8)
FNF:9
FNH:9
FNDA:1,(anonymous_0)
FNDA:1,(anonymous_1)
FNDA:21,(anonymous_2)
FNDA:1,(anonymous_3)
FNDA:21,(anonymous_4)
FNDA:1,(anonymous_5)
FNDA:21,(anonymous_6)
FNDA:21,(anonymous_7)
FNDA:1,(anonymous_8)
DA:1,1
DA:2,1
DA:3,1
DA:4,1
DA:7,1
DA:10,1
DA:14,1
DA:148,1
DA:149,1
DA:157,1
DA:158,21
DA:166,1
DA:167,1
DA:168,21
DA:169,1
DA:172,1
DA:179,1
DA:180,1
DA:181,21
DA:182,1
DA:185,21
DA:190,1
DA:191,1
DA:194,1
LF:24
LH:24
BRDA:168,0,0,1
BRDA:168,0,1,20
BRDA:181,1,0,1
BRDA:181,1,1,20
BRF:4
BRH:4
end_of_record
